 ****** PrimeSim HSPICE -- T-2022.06-SP1 linux64 (Aug 19 2022 7764626) ******
  Copyright (c) 1986 - 2023 by Synopsys, Inc. All Rights Reserved.
  This software and the associated documentation are proprietary
  to Synopsys, Inc. This software may only be used in accordance
  with the terms and conditions of a written license agreement with
  Synopsys, Inc. All other use, reproduction, or distribution of
  this software is strictly prohibited.
  Input File: writedriver.sp                                                    
  Command line options: /opt/synopsys/hspice/T-2022.06-SP1/hspice/linux64/hspice writedriver.sp
  Start time: Sat Jul  1 10:45:03 2023
 lic:  
 lic: FLEXlm: SDK_12.11.1 
 lic: USER:   yc2367               HOSTNAME: beluga 
 lic: HOSTID: 54802750             PID:      8260 
 lic: Using FLEXlm license file: 
 lic: 27000@flex.ece.cornell.edu 
 lic: Checkout 1 hspice 
 lic: License/Maintenance for hspice will expire on 09-jan-2025/2022.06 
 lic: 1(in_use)/50(total) FLOATING license(s) on SERVER 27000@flex.ece.cornell.edu 
 lic:   
  **info** (writedriver.sp:17) DC voltage reset to initial transient source value in source 0:vin. new dc=0.0000D+00
  **warning** (writedriver.sp:17) pulse rise time is  < or = zero, reset to tstep
  **warning** (writedriver.sp:17) pulse fall time is  < or = zero, reset to tstep
  **warning** (writedriver.sp:18) pulse rise time is  < or = zero, reset to tstep
  **warning** (writedriver.sp:18) pulse fall time is  < or = zero, reset to tstep
  **warning** (nmos:x_inv_shape_0.mndown (../basic_subcircuits.l:61)) Warning:  Acde = 0.245565 may be too small in BSIM4 model with w=9e-08 l=2.2e-08.
             
 Summary of Linear Res Distribution Info
 ---------------------------------------
 |Range          |Total     |Percent(%)|
 |---------------+----------+----------|
 |1e+00  ~  1e+03|128       |100.0000  |
 ---------------------------------------
              
             
 Summary of Linear Cap Distribution Info
 ---------------------------------------
 |Range          |Total     |Percent(%)|
 |---------------+----------+----------|
 |1e-17  ~  1e-16|256       |100.0000  |
 ---------------------------------------
              
             
 Summary of Detailed RC Type Statistics
 -------------------------
 |Element Type|Number    |
 |------------+----------|
 |Constant Res|128       |
 |            |          |
 |Constant Cap|256       |
 -------------------------
              
  

  **warning** the following singular supplies were terminated to 1 meg resistor 
          supply       node1            node2
(../process_data.l:34)vclmomtjn               0:vclmpmtj         defined in subckt 0                     0:0                defined in subckt 0               
(../process_data.l:29)vsupply                 0:vdd              defined in subckt 0                     0:0                defined in subckt 0               
(../process_data.l:33)vrefmtjn                0:vrefmtj          defined in subckt 0                     0:0                defined in subckt 0               
(../process_data.l:32)vsram                   0:vsram            defined in subckt 0                     0:0                defined in subckt 0               
(../process_data.l:35)vsram_n                 0:vsram_n          defined in subckt 0                     0:0                defined in subckt 0               
      
 **info** set option symb=1 internally to help for convergence.
 *****************************************************************
 ******  option summary
 ******
 runlvl  = 3         bypass  = 2.0000    
 **info** dc convergence successful at Newton-Raphson method 

   *** data name = sweep_data , index =     1 ***

 ******
 .title ram write driver

 ****** transient analysis tnom=  25.000 temp=  25.000 ******
 meas_inv_writedriver_1_tfall=  12.0211p  targ=  18.2239p   trig=   6.2028p
 meas_inv_writedriver_1_trise=  11.1358p  targ=   2.0191n   trig=   2.0080n
 meas_inv_writedriver_2_tfall=  15.6304p  targ=  22.1927p   trig=   6.5623p
 meas_inv_writedriver_2_trise=  11.4409p  targ=   4.0203n   trig=   4.0089n
 meas_total_tfall= 192.3852p  targ= 192.8852p   trig= 500.0000f
 meas_total_trise= 248.7534p  targ=   2.2503n   trig=   2.0015n
 meas_logic_low_voltage=   0.        
 meas_current= -15.7522f  from=   0.             to=   4.0000n
 meas_avg_power=   3.7411u

          ***** job concluded
1****** PrimeSim HSPICE -- T-2022.06-SP1 linux64 (Aug 19 2022 7764626) ******
 ******  
 .title ram write driver

 ****** job statistics summary tnom=  25.000 temp=  25.000 ******
  
 ******  Machine Information  ******
 CPU:
 model name	: 12th Gen Intel(R) Core(TM) i9-12900KS
 cpu MHz	: 5199.816
 CPU(s)		: 24
  
 OS:
 Linux version 3.10.0-1160.80.1.el7.x86_64 (mockbuild@kbuilder.bsys.centos.org) (gcc version 4.8.5 20150623 (Red Hat 4.8.5-44) (GCC) ) #1 SMP Tue Nov 8 15:48:59 UTC 2022

 System loadavg : 1.26 1.15 1.10 2/1042 8263


  ******  PrimeSim HSPICE Threads Information  ******

  Command Line Threads Count :     1
  Available CPU Count        :    24
  Actual Threads Count       :     1


  ******  Circuit Statistics  ******
  # nodes       =    2485 # elements   =     948
  # resistors   =     133 # capacitors =     256 # inductors   =       0
  # mutual_inds =       0 # vccs       =       0 # vcvs        =       0
  # cccs        =       0 # ccvs       =       0 # volt_srcs   =       9
  # curr_srcs   =       0 # diodes     =       0 # bjts        =       0
  # jfets       =       0 # mosfets    =     550 # U elements  =       0
  # T elements  =       0 # W elements =       0 # B elements  =       0
  # S elements  =       0 # P elements =       0 # va device   =       0
  # vector_srcs =       0 # N elements =       0


  ******  Runtime Statistics (seconds)  ******

  analysis           time    # points   tot. iter  conv.iter
  op point           0.02           1          13
  transient          0.26        5001         485         176 rev=         3
  readin             0.02
  errchk             0.01
  setup              0.03
  output             0.00


           peak memory used        513.88 megabytes
           total cpu time            0.34 seconds
           total elapsed time        0.62 seconds
           job started at     10:45:03 07/01/2023
           job ended   at     10:45:04 07/01/2023

>info:         ***** hspice job concluded
           job total runtime         0.62 seconds


 lic: Release hspice token(s) 
 lic: total license checkout elapse time:        0.28(s)
