 ****** PrimeSim HSPICE -- T-2022.06-SP1 linux64 (Aug 19 2022 7764626) ******
  Copyright (c) 1986 - 2023 by Synopsys, Inc. All Rights Reserved.
  This software and the associated documentation are proprietary
  to Synopsys, Inc. This software may only be used in accordance
  with the terms and conditions of a written license agreement with
  Synopsys, Inc. All other use, reproduction, or distribution of
  this software is strictly prohibited.
  Input File: lut_f_driver_not.sp                                               
  Command line options: /opt/synopsys/hspice/T-2022.06-SP1/hspice/linux64/hspice lut_f_driver_not.sp
  Start time: Sat Jul  1 16:38:19 2023
 lic:  
 lic: FLEXlm: SDK_12.11.1 
 lic: USER:   yc2367               HOSTNAME: beluga 
 lic: HOSTID: 54802750             PID:      31834 
 lic: Using FLEXlm license file: 
 lic: 27000@flex.ece.cornell.edu 
 lic: Checkout 1 hspice 
 lic: License/Maintenance for hspice will expire on 09-jan-2025/2022.06 
 lic: 1(in_use)/50(total) FLOATING license(s) on SERVER 27000@flex.ece.cornell.edu 
 lic:   
  **info** (lut_f_driver_not.sp:17) DC voltage reset to initial transient source value in source 0:vin. new dc=0.0000D+00
  **warning** (lut_f_driver_not.sp:17) pulse rise time is  < or = zero, reset to tstep
  **warning** (lut_f_driver_not.sp:17) pulse fall time is  < or = zero, reset to tstep
  **warning** (nmos:xlut_f_driver_1.xinv_lut_f_driver_2.mndown (../basic_subcircuits.l:61)) Warning:  Acde = 0.245565 may be too small in BSIM4 model with w=1.35e-07 l=2.2e-08.
             
 Summary of Linear Res Distribution Info
 ---------------------------------------
 |Range          |Total     |Percent(%)|
 |---------------+----------+----------|
 |1e+00  ~  1e+03|80        |100.0000  |
 ---------------------------------------
              
             
 Summary of Linear Cap Distribution Info
 ---------------------------------------
 |Range          |Total     |Percent(%)|
 |---------------+----------+----------|
 |1e-17  ~  1e-16|156       |97.5000   |
 |1e-16  ~  1e-15|4         |2.5000    |
 ---------------------------------------
              
             
 Summary of Detailed RC Type Statistics
 -------------------------
 |Element Type|Number    |
 |------------+----------|
 |Constant Res|80        |
 |            |          |
 |Constant Cap|160       |
 -------------------------
              
  
  **warning** No connections on node n_rsel; Node ignored.

  **warning** the following singular supplies were terminated to 1 meg resistor 
          supply       node1            node2
(../process_data.l:34)vclmomtjn               0:vclmpmtj         defined in subckt 0                     0:0                defined in subckt 0               
(../process_data.l:30)vsupplylp               0:vdd_lp           defined in subckt 0                     0:0                defined in subckt 0               
(../process_data.l:33)vrefmtjn                0:vrefmtj          defined in subckt 0                     0:0                defined in subckt 0               
(../process_data.l:35)vsram_n                 0:vsram_n          defined in subckt 0                     0:0                defined in subckt 0               
             
 Warning:'No DC path nodes' occurs 1 times
 No DC path from the following nodes,connected with gdcpath:
 -----------------------
 |Node      |Subckt    |
 |----------+----------|
 |n_gnd     |0         |
 -----------------------
              
      
 **info** set option symb=1 internally to help for convergence.
 *****************************************************************
 ******  option summary
 ******
 runlvl  = 3         bypass  = 2.0000    
 **info** dc convergence successful at Newton-Raphson method 

   *** data name = sweep_data , index =     1 ***

 ******
 .title lut_f_driver_not

 ****** transient analysis tnom=  25.000 temp=  25.000 ******
 meas_inv_lut_f_driver_not_1_tfall=   7.2264p  targ=   2.1318n   trig=   2.1246n
 meas_inv_lut_f_driver_not_1_trise=   7.9138p  targ= 233.6693p   trig= 225.7555p
 meas_inv_lut_f_driver_not_2_tfall=  22.9366p  targ= 248.6921p   trig= 225.7555p
 meas_inv_lut_f_driver_not_2_trise=  21.0441p  targ=   2.1456n   trig=   2.1246n
 meas_total_tfall=  22.9366p  targ= 248.6921p   trig= 225.7555p
 meas_total_trise=  21.0441p  targ=   2.1456n   trig=   2.1246n
 meas_logic_low_voltage=  63.5157u
 meas_current=  -2.9718f  from=   0.             to=   4.0000n
 meas_avg_power= 594.3554n

          ***** job concluded
1****** PrimeSim HSPICE -- T-2022.06-SP1 linux64 (Aug 19 2022 7764626) ******
 ******  
 .title lut_f_driver_not

 ****** job statistics summary tnom=  25.000 temp=  25.000 ******
  
 ******  Machine Information  ******
 CPU:
 model name	: 12th Gen Intel(R) Core(TM) i9-12900KS
 cpu MHz	: 5199.816
 CPU(s)		: 24
  
 OS:
 Linux version 3.10.0-1160.80.1.el7.x86_64 (mockbuild@kbuilder.bsys.centos.org) (gcc version 4.8.5 20150623 (Red Hat 4.8.5-44) (GCC) ) #1 SMP Tue Nov 8 15:48:59 UTC 2022

 System loadavg : 1.53 1.31 1.20 2/1043 31837


  ******  PrimeSim HSPICE Threads Information  ******

  Command Line Threads Count :     1
  Available CPU Count        :    24
  Actual Threads Count       :     1


  ******  Circuit Statistics  ******
  # nodes       =     470 # elements   =     345
  # resistors   =      86 # capacitors =     160 # inductors   =       0
  # mutual_inds =       0 # vccs       =       0 # vcvs        =       0
  # cccs        =       0 # ccvs       =       0 # volt_srcs   =       8
  # curr_srcs   =       0 # diodes     =       0 # bjts        =       0
  # jfets       =       0 # mosfets    =      91 # U elements  =       0
  # T elements  =       0 # W elements =       0 # B elements  =       0
  # S elements  =       0 # P elements =       0 # va device   =       0
  # vector_srcs =       0 # N elements =       0


  ******  Runtime Statistics (seconds)  ******

  analysis           time    # points   tot. iter  conv.iter
  op point           0.00           1           7
  transient          0.04        4001         257          99 rev=         2
  readin             0.01
  errchk             0.01
  setup              0.00
  output             0.00


           peak memory used        499.45 megabytes
           total cpu time            0.06 seconds
           total elapsed time        0.36 seconds
           job started at     16:38:19 07/01/2023
           job ended   at     16:38:19 07/01/2023

>info:         ***** hspice job concluded
           job total runtime         0.36 seconds


 lic: Release hspice token(s) 
 lic: total license checkout elapse time:        0.30(s)
