 ****** PrimeSim HSPICE -- T-2022.06-SP1 linux64 (Aug 19 2022 7764626) ******
  Copyright (c) 1986 - 2023 by Synopsys, Inc. All Rights Reserved.
  This software and the associated documentation are proprietary
  to Synopsys, Inc. This software may only be used in accordance
  with the terms and conditions of a written license agreement with
  Synopsys, Inc. All other use, reproduction, or distribution of
  this software is strictly prohibited.
  Input File: local_ble_output.sp                                               
  Command line options: /opt/synopsys/hspice/T-2022.06-SP1/hspice/linux64/hspice local_ble_output.sp
  Start time: Fri Jun 30 21:56:32 2023
 lic:  
 lic: FLEXlm: SDK_12.11.1 
 lic: USER:   yc2367               HOSTNAME: beluga 
 lic: HOSTID: 54802750             PID:      22491 
 lic: Using FLEXlm license file: 
 lic: 27000@flex.ece.cornell.edu 
 lic: Checkout 1 hspice 
 lic: License/Maintenance for hspice will expire on 09-jan-2025/2022.06 
 lic: 1(in_use)/50(total) FLOATING license(s) on SERVER 27000@flex.ece.cornell.edu 
 lic:   
  **info** (local_ble_output.sp:17) DC voltage reset to initial transient source value in source 0:vin. new dc=0.0000D+00
  **warning** (local_ble_output.sp:17) pulse rise time is  < or = zero, reset to tstep
  **warning** (local_ble_output.sp:17) pulse fall time is  < or = zero, reset to tstep
  **warning** (nmos:xlut.xinv_lut_sram_driver_1.mndown (../basic_subcircuits.l:61)) Warning:  Acde = 0.245565 may be too small in BSIM4 model with w=4.5e-08 l=2.2e-08.
             
 Summary of Linear Res Distribution Info
 ---------------------------------------
 |Range          |Total     |Percent(%)|
 |---------------+----------+----------|
 |1e+00  ~  1e+03|98        |100.0000  |
 ---------------------------------------
              
             
 Summary of Linear Cap Distribution Info
 ---------------------------------------
 |Range          |Total     |Percent(%)|
 |---------------+----------+----------|
 |1e-18  ~  1e-17|12        |6.1224    |
 |1e-17  ~  1e-16|176       |89.7959   |
 |1e-16  ~  1e-15|8         |4.0816    |
 ---------------------------------------
              
             
 Summary of Detailed RC Type Statistics
 -------------------------
 |Element Type|Number    |
 |------------+----------|
 |Constant Res|98        |
 |            |          |
 |Constant Cap|196       |
 -------------------------
              
  
  **warning** No connections on node n_hang2; Node ignored.

  **warning** the following singular supplies were terminated to 1 meg resistor 
          supply       node1            node2
(../process_data.l:34)vclmomtjn               0:vclmpmtj         defined in subckt 0                     0:0                defined in subckt 0               
(../process_data.l:30)vsupplylp               0:vdd_lp           defined in subckt 0                     0:0                defined in subckt 0               
(../process_data.l:33)vrefmtjn                0:vrefmtj          defined in subckt 0                     0:0                defined in subckt 0               
      
 **info** set option symb=1 internally to help for convergence.
 *****************************************************************
 ******  option summary
 ******
 runlvl  = 3         bypass  = 2.0000    
 **info** dc convergence successful at Newton-Raphson method 

   *** data name = sweep_data , index =     1 ***

 ******
 .title local ble output

 ****** transient analysis tnom=  25.000 temp=  25.000 ******
 meas_inv_local_ble_output_1_tfall=  21.6520p  targ= 189.6355p   trig= 167.9835p
 meas_inv_local_ble_output_1_trise=  22.9806p  targ=   2.1878n   trig=   2.1649n
 meas_inv_local_ble_output_2_tfall= 122.5907p  targ=   2.2874n   trig=   2.1649n
 meas_inv_local_ble_output_2_trise= 148.6647p  targ= 316.6481p   trig= 167.9835p
 meas_total_tfall= 122.5907p  targ=   2.2874n   trig=   2.1649n
 meas_total_trise= 148.6647p  targ= 316.6481p   trig= 167.9835p
 meas_logic_low_voltage= 138.1002u
 meas_current= -14.7963f  from=   0.             to=   4.0000n
 meas_avg_power=   2.9593u

          ***** job concluded
1****** PrimeSim HSPICE -- T-2022.06-SP1 linux64 (Aug 19 2022 7764626) ******
 ******  
 .title local ble output

 ****** job statistics summary tnom=  25.000 temp=  25.000 ******
  
 ******  Machine Information  ******
 CPU:
 model name	: 12th Gen Intel(R) Core(TM) i9-12900KS
 cpu MHz	: 5178.857
 CPU(s)		: 24
  
 OS:
 Linux version 3.10.0-1160.80.1.el7.x86_64 (mockbuild@kbuilder.bsys.centos.org) (gcc version 4.8.5 20150623 (Red Hat 4.8.5-44) (GCC) ) #1 SMP Tue Nov 8 15:48:59 UTC 2022

 System loadavg : 1.21 1.26 1.20 3/1095 22506


  ******  PrimeSim HSPICE Threads Information  ******

  Command Line Threads Count :     1
  Available CPU Count        :    24
  Actual Threads Count       :     1


  ******  Circuit Statistics  ******
  # nodes       =     682 # elements   =     442
  # resistors   =     104 # capacitors =     196 # inductors   =       0
  # mutual_inds =       0 # vccs       =       0 # vcvs        =       0
  # cccs        =       0 # ccvs       =       0 # volt_srcs   =       8
  # curr_srcs   =       0 # diodes     =       0 # bjts        =       0
  # jfets       =       0 # mosfets    =     134 # U elements  =       0
  # T elements  =       0 # W elements =       0 # B elements  =       0
  # S elements  =       0 # P elements =       0 # va device   =       0
  # vector_srcs =       0 # N elements =       0


  ******  Runtime Statistics (seconds)  ******

  analysis           time    # points   tot. iter  conv.iter
  op point           0.00           1           7
  transient          0.06        4001         398         143 rev=         1
  readin             0.01
  errchk             0.01
  setup              0.00
  output             0.00


           peak memory used        500.52 megabytes
           total cpu time            0.09 seconds
           total elapsed time        0.35 seconds
           job started at     21:56:32 06/30/2023
           job ended   at     21:56:32 06/30/2023

>info:         ***** hspice job concluded
           job total runtime         0.35 seconds


 lic: Release hspice token(s) 
 lic: total license checkout elapse time:        0.26(s)
