 ****** PrimeSim HSPICE -- T-2022.06-SP1 linux64 (Aug 19 2022 7764626) ******
  Copyright (c) 1986 - 2023 by Synopsys, Inc. All Rights Reserved.
  This software and the associated documentation are proprietary
  to Synopsys, Inc. This software may only be used in accordance
  with the terms and conditions of a written license agreement with
  Synopsys, Inc. All other use, reproduction, or distribution of
  this software is strictly prohibited.
  Input File: pgateoutputcrossbar.sp                                            
  Command line options: /opt/synopsys/hspice/T-2022.06-SP1/hspice/linux64/hspice pgateoutputcrossbar.sp
  Start time: Fri Jun 30 22:51:06 2023
 lic:  
 lic: FLEXlm: SDK_12.11.1 
 lic: USER:   yc2367               HOSTNAME: beluga 
 lic: HOSTID: 54802750             PID:      13794 
 lic: Using FLEXlm license file: 
 lic: 27000@flex.ece.cornell.edu 
 lic: Checkout 1 hspice 
 lic: License/Maintenance for hspice will expire on 09-jan-2025/2022.06 
 lic: 1(in_use)/50(total) FLOATING license(s) on SERVER 27000@flex.ece.cornell.edu 
 lic:   
  **info** (pgateoutputcrossbar.sp:17) DC voltage reset to initial transient source value in source 0:vin. new dc=0.0000D+00
  **warning** (pgateoutputcrossbar.sp:17) pulse rise time is  < or = zero, reset to tstep
  **warning** (pgateoutputcrossbar.sp:17) pulse fall time is  < or = zero, reset to tstep
  **warning** (nmos:x_inv_samp.mndown (../basic_subcircuits.l:61)) Warning:  Acde = 0.245565 may be too small in BSIM4 model with w=4.5e-08 l=2.2e-08.
             
 Summary of Linear Res Distribution Info
 ---------------------------------------
 |Range          |Total     |Percent(%)|
 |---------------+----------+----------|
 |1e+00  ~  1e+03|75        |100.0000  |
 ---------------------------------------
              
             
 Summary of Linear Cap Distribution Info
 ---------------------------------------
 |Range          |Total     |Percent(%)|
 |---------------+----------+----------|
 |1e-17  ~  1e-16|142       |94.6667   |
 |1e-16  ~  1e-15|8         |5.3333    |
 ---------------------------------------
              
             
 Summary of Detailed RC Type Statistics
 -------------------------
 |Element Type|Number    |
 |------------+----------|
 |Constant Res|75        |
 |            |          |
 |Constant Cap|150       |
 -------------------------
              
  

  **warning** the following singular supplies were terminated to 1 meg resistor 
          supply       node1            node2
(../process_data.l:34)vclmomtjn               0:vclmpmtj         defined in subckt 0                     0:0                defined in subckt 0               
(../process_data.l:30)vsupplylp               0:vdd_lp           defined in subckt 0                     0:0                defined in subckt 0               
(../process_data.l:33)vrefmtjn                0:vrefmtj          defined in subckt 0                     0:0                defined in subckt 0               
(../process_data.l:35)vsram_n                 0:vsram_n          defined in subckt 0                     0:0                defined in subckt 0               
             
 Warning:'No DC path nodes' occurs 1 times
 No DC path from the following nodes,connected with gdcpath:
 -----------------------
 |Node      |Subckt    |
 |----------+----------|
 |nnd       |0         |
 -----------------------
              
             
 Warning:'1 connection nodes' occurs 1 times
 Summary of 1 connection from the following nodes:
 ------------------------------------------------
 |Node                      |Subckt             |
 |--------------------------+-------------------|
 |xoutputcrossbar.n_hang_nbd|pgateoutputcrossbar|
 ------------------------------------------------
              
      
 **info** set option symb=1 internally to help for convergence.
 *****************************************************************
 ******  option summary
 ******
 runlvl  = 3         bypass  = 2.0000    
 **info** dc convergence successful at Newton-Raphson method 

   *** data name = sweep_data , index =     1 ***

 ******
 .title a nand2 path

 ****** transient analysis tnom=  25.000 temp=  25.000 ******
 meas_inv_pgateoutputcrossbar_1_tfall=   5.8682p  targ=   2.0144n   trig=   2.0085n
 meas_inv_pgateoutputcrossbar_1_trise=   5.9829p  targ=  10.3988p   trig=   4.4159p
 meas_inv_pgateoutputcrossbar_2_tfall=  13.6616p  targ=  18.0775p   trig=   4.4159p
 meas_inv_pgateoutputcrossbar_2_trise=  13.9368p  targ=   2.0225n   trig=   2.0085n
 meas_inv_pgateoutputcrossbar_3_tfall=  33.0945p  targ=   2.0416n   trig=   2.0085n
 meas_inv_pgateoutputcrossbar_3_trise=  34.1550p  targ=  38.5709p   trig=   4.4159p
 meas_total_tfall=  80.6468p  targ=  85.0627p   trig=   4.4159p
 meas_total_trise=  67.2468p  targ=   2.0758n   trig=   2.0085n
 meas_logic_low_voltage=   0.        
 meas_current= -19.0953f  from=   0.             to=   4.0000n
 meas_avg_power=   1.9095u

          ***** job concluded
1****** PrimeSim HSPICE -- T-2022.06-SP1 linux64 (Aug 19 2022 7764626) ******
 ******  
 .title a nand2 path

 ****** job statistics summary tnom=  25.000 temp=  25.000 ******
  
 ******  Machine Information  ******
 CPU:
 model name	: 12th Gen Intel(R) Core(TM) i9-12900KS
 cpu MHz	: 5199.816
 CPU(s)		: 24
  
 OS:
 Linux version 3.10.0-1160.80.1.el7.x86_64 (mockbuild@kbuilder.bsys.centos.org) (gcc version 4.8.5 20150623 (Red Hat 4.8.5-44) (GCC) ) #1 SMP Tue Nov 8 15:48:59 UTC 2022

 System loadavg : 1.00 1.08 1.11 3/1043 13806


  ******  PrimeSim HSPICE Threads Information  ******

  Command Line Threads Count :     1
  Available CPU Count        :    24
  Actual Threads Count       :     1


  ******  Circuit Statistics  ******
  # nodes       =    1175 # elements   =     473
  # resistors   =      79 # capacitors =     150 # inductors   =       0
  # mutual_inds =       0 # vccs       =       0 # vcvs        =       0
  # cccs        =       0 # ccvs       =       0 # volt_srcs   =       8
  # curr_srcs   =       0 # diodes     =       0 # bjts        =       0
  # jfets       =       0 # mosfets    =     236 # U elements  =       0
  # T elements  =       0 # W elements =       0 # B elements  =       0
  # S elements  =       0 # P elements =       0 # va device   =       0
  # vector_srcs =       0 # N elements =       0


  ******  Runtime Statistics (seconds)  ******

  analysis           time    # points   tot. iter  conv.iter
  op point           0.01           1           8
  transient          0.07        4001         278         103 rev=         3
  readin             0.01
  errchk             0.01
  setup              0.02
  output             0.00


           peak memory used        508.89 megabytes
           total cpu time            0.12 seconds
           total elapsed time        0.44 seconds
           job started at     22:51:06 06/30/2023
           job ended   at     22:51:06 06/30/2023

>info:         ***** hspice job concluded
           job total runtime         0.44 seconds


 lic: Release hspice token(s) 
 lic: total license checkout elapse time:        0.32(s)
