 ****** PrimeSim HSPICE -- T-2022.06-SP1 linux64 (Aug 19 2022 7764626) ******
  Copyright (c) 1986 - 2023 by Synopsys, Inc. All Rights Reserved.
  This software and the associated documentation are proprietary
  to Synopsys, Inc. This software may only be used in accordance
  with the terms and conditions of a written license agreement with
  Synopsys, Inc. All other use, reproduction, or distribution of
  this software is strictly prohibited.
  Input File: wordline_driver.sp                                                
  Command line options: /opt/synopsys/hspice/T-2022.06-SP1/hspice/linux64/hspice wordline_driver.sp
  Start time: Sat Jul  1 17:53:11 2023
 lic:  
 lic: FLEXlm: SDK_12.11.1 
 lic: USER:   yc2367               HOSTNAME: beluga 
 lic: HOSTID: 54802750             PID:      27785 
 lic: Using FLEXlm license file: 
 lic: 27000@flex.ece.cornell.edu 
 lic: Checkout 1 hspice 
 lic: License/Maintenance for hspice will expire on 09-jan-2025/2022.06 
 lic: 1(in_use)/50(total) FLOATING license(s) on SERVER 27000@flex.ece.cornell.edu 
 lic:   
  **info** (wordline_driver.sp:17) DC voltage reset to initial transient source value in source 0:vin. new dc=0.0000D+00
  **warning** (wordline_driver.sp:17) pulse rise time is  < or = zero, reset to tstep
  **warning** (wordline_driver.sp:17) pulse fall time is  < or = zero, reset to tstep
  **warning** (nmos:xnandu.x0rowdecoderstage3_nand3.mndown2 (../basic_subcircuits.l:167)) Warning:  Acde = 0.245565 may be too small in BSIM4 model with w=4.5e-08 l=2.2e-08.
             
 Summary of Linear Res Distribution Info
 ---------------------------------------
 |Range          |Total     |Percent(%)|
 |---------------+----------+----------|
 |1e+00  ~  1e+03|128       |100.0000  |
 ---------------------------------------
              
             
 Summary of Linear Cap Distribution Info
 ---------------------------------------
 |Range          |Total     |Percent(%)|
 |---------------+----------+----------|
 |1e-17  ~  1e-16|256       |100.0000  |
 ---------------------------------------
              
             
 Summary of Detailed RC Type Statistics
 -------------------------
 |Element Type|Number    |
 |------------+----------|
 |Constant Res|128       |
 |            |          |
 |Constant Cap|256       |
 -------------------------
              
  

  **warning** the following singular supplies were terminated to 1 meg resistor 
          supply       node1            node2
(../process_data.l:34)vclmomtjn               0:vclmpmtj         defined in subckt 0                     0:0                defined in subckt 0               
(../process_data.l:29)vsupply                 0:vdd              defined in subckt 0                     0:0                defined in subckt 0               
(../process_data.l:33)vrefmtjn                0:vrefmtj          defined in subckt 0                     0:0                defined in subckt 0               
(../process_data.l:32)vsram                   0:vsram            defined in subckt 0                     0:0                defined in subckt 0               
(../process_data.l:35)vsram_n                 0:vsram_n          defined in subckt 0                     0:0                defined in subckt 0               
      
 **info** set option symb=1 internally to help for convergence.
 *****************************************************************
 ******  option summary
 ******
 runlvl  = 3         bypass  = 2.0000    
 **info** dc convergence successful at Newton-Raphson method 

   *** data name = sweep_data , index =     1 ***

 ******
 .title wordline driver

 ****** transient analysis tnom=  25.000 temp=  25.000 ******
 meas_inv_nand2_wordline_driver_1_tfall=  28.0259p  targ=  46.5420p   trig=  18.5161p
 meas_inv_nand2_wordline_driver_1_trise=  22.0116p  targ=   2.0341n   trig=   2.0121n
 meas_inv_wordline_driver_2_tfall=  40.3906p  targ=   2.0525n   trig=   2.0121n
 meas_inv_wordline_driver_2_trise=  50.7480p  targ=  69.2641p   trig=  18.5161p
 meas_inv_wordline_driver_3_tfall=  74.0877p  targ=  92.6038p   trig=  18.5161p
 meas_inv_wordline_driver_3_trise=  65.9904p  targ=   2.0781n   trig=   2.0121n
 meas_inv_wordline_driver_4_tfall= 246.7878p  targ=   2.2589n   trig=   2.0121n
 meas_inv_wordline_driver_4_trise= 257.8661p  targ= 276.3822p   trig=  18.5161p
 meaz1_total_tfall= 246.7878p  targ=   2.2589n   trig=   2.0121n
 meaz1_total_trise= 257.8661p  targ= 276.3822p   trig=  18.5161p
 meas_logic_low_voltage=   0.        
 meas_current= -33.0086f  from=   0.             to=   4.0000n
 meas_avg_power=   7.8395u

          ***** job concluded
1****** PrimeSim HSPICE -- T-2022.06-SP1 linux64 (Aug 19 2022 7764626) ******
 ******  
 .title wordline driver

 ****** job statistics summary tnom=  25.000 temp=  25.000 ******
  
 ******  Machine Information  ******
 CPU:
 model name	: 12th Gen Intel(R) Core(TM) i9-12900KS
 cpu MHz	: 5199.816
 CPU(s)		: 24
  
 OS:
 Linux version 3.10.0-1160.80.1.el7.x86_64 (mockbuild@kbuilder.bsys.centos.org) (gcc version 4.8.5 20150623 (Red Hat 4.8.5-44) (GCC) ) #1 SMP Tue Nov 8 15:48:59 UTC 2022

 System loadavg : 1.20 1.14 1.14 1/1042 27800


  ******  PrimeSim HSPICE Threads Information  ******

  Command Line Threads Count :     1
  Available CPU Count        :    24
  Actual Threads Count       :     1


  ******  Circuit Statistics  ******
  # nodes       =    4570 # elements   =    1439
  # resistors   =     133 # capacitors =     256 # inductors   =       0
  # mutual_inds =       0 # vccs       =       0 # vcvs        =       0
  # cccs        =       0 # ccvs       =       0 # volt_srcs   =       8
  # curr_srcs   =       0 # diodes     =       0 # bjts        =       0
  # jfets       =       0 # mosfets    =    1042 # U elements  =       0
  # T elements  =       0 # W elements =       0 # B elements  =       0
  # S elements  =       0 # P elements =       0 # va device   =       0
  # vector_srcs =       0 # N elements =       0


  ******  Runtime Statistics (seconds)  ******

  analysis           time    # points   tot. iter  conv.iter
  op point           0.02           1           9
  transient          0.56        4001         377         138 rev=         4
  readin             0.02
  errchk             0.02
  setup              0.05
  output             0.00


           peak memory used        520.67 megabytes
           total cpu time            0.67 seconds
           total elapsed time        0.98 seconds
           job started at     17:53:11 07/01/2023
           job ended   at     17:53:12 07/01/2023

>info:         ***** hspice job concluded
           job total runtime         0.98 seconds


 lic: Release hspice token(s) 
 lic: total license checkout elapse time:        0.30(s)
