 ****** PrimeSim HSPICE -- T-2022.06-SP1 linux64 (Aug 19 2022 7764626) ******
  Copyright (c) 1986 - 2023 by Synopsys, Inc. All Rights Reserved.
  This software and the associated documentation are proprietary
  to Synopsys, Inc. This software may only be used in accordance
  with the terms and conditions of a written license agreement with
  Synopsys, Inc. All other use, reproduction, or distribution of
  this software is strictly prohibited.
  Input File: lut.sp                                                            
  Command line options: /opt/synopsys/hspice/T-2022.06-SP1/hspice/linux64/hspice lut.sp
  Start time: Fri Jun 30 21:30:53 2023
 lic:  
 lic: FLEXlm: SDK_12.11.1 
 lic: USER:   yc2367               HOSTNAME: beluga 
 lic: HOSTID: 54802750             PID:      32399 
 lic: Using FLEXlm license file: 
 lic: 27000@flex.ece.cornell.edu 
 lic: Checkout 1 hspice 
 lic: License/Maintenance for hspice will expire on 09-jan-2025/2022.06 
 lic: 1(in_use)/50(total) FLOATING license(s) on SERVER 27000@flex.ece.cornell.edu 
 lic:   
  **info** (lut.sp:17) DC voltage reset to initial transient source value in source 0:vin. new dc=0.0000D+00
  **warning** (lut.sp:17) pulse rise time is  < or = zero, reset to tstep
  **warning** (lut.sp:17) pulse fall time is  < or = zero, reset to tstep
  **warning** (nmos:xlut.xinv_lut_sram_driver_1.mndown (../basic_subcircuits.l:61)) Warning:  Acde = 0.245565 may be too small in BSIM4 model with w=4.5e-08 l=2.2e-08.
             
 Summary of Linear Res Distribution Info
 ---------------------------------------
 |Range          |Total     |Percent(%)|
 |---------------+----------+----------|
 |1e+00  ~  1e+03|37        |100.0000  |
 ---------------------------------------
              
             
 Summary of Linear Cap Distribution Info
 ---------------------------------------
 |Range          |Total     |Percent(%)|
 |---------------+----------+----------|
 |1e-18  ~  1e-17|16        |21.6216   |
 |1e-17  ~  1e-16|50        |67.5676   |
 |1e-16  ~  1e-15|8         |10.8108   |
 ---------------------------------------
              
             
 Summary of Detailed RC Type Statistics
 -------------------------
 |Element Type|Number    |
 |------------+----------|
 |Constant Res|37        |
 |            |          |
 |Constant Cap|74        |
 -------------------------
              
  

  **warning** the following singular supplies were terminated to 1 meg resistor 
          supply       node1            node2
(../process_data.l:34)vclmomtjn               0:vclmpmtj         defined in subckt 0                     0:0                defined in subckt 0               
(../process_data.l:30)vsupplylp               0:vdd_lp           defined in subckt 0                     0:0                defined in subckt 0               
(../process_data.l:33)vrefmtjn                0:vrefmtj          defined in subckt 0                     0:0                defined in subckt 0               
      
 **info** set option symb=1 internally to help for convergence.
 *****************************************************************
 ******  option summary
 ******
 runlvl  = 3         bypass  = 2.0000    
 **info** dc convergence successful at Newton-Raphson method 

   *** data name = sweep_data , index =     1 ***

 ******
 .title 6-lut

 ****** transient analysis tnom=  25.000 temp=  25.000 ******
 meas_inv_lut_0sram_driver_1_tfall=   3.9807p  targ=   4.4807p   trig= 500.0000f
 meas_inv_lut_0sram_driver_1_trise=   4.1527p  targ=   2.0057n   trig=   2.0015n
 meas_inv_lut_0sram_driver_2_tfall=   9.1732p  targ=   2.0107n   trig=   2.0015n
 meas_inv_lut_0sram_driver_2_trise=  10.5674p  targ=  11.0674p   trig= 500.0000f
 meas_inv_lut_int_buffer_1_tfall=  76.9017p  targ=  77.4017p   trig= 500.0000f
 meas_inv_lut_int_buffer_1_trise=  70.4734p  targ=   2.0720n   trig=   2.0015n
 meas_inv_lut_int_buffer_2_tfall=  80.3511p  targ=   2.0819n   trig=   2.0015n
 meas_inv_lut_int_buffer_2_trise=  96.9044p  targ=  97.4044p   trig= 500.0000f
 meas_inv_lut_out_buffer_1_tfall= 153.7610p  targ= 154.2610p   trig= 500.0000f
 meas_inv_lut_out_buffer_1_trise= 142.0688p  targ=   2.1436n   trig=   2.0015n
 meas_inv_lut_out_buffer_2_tfall= 160.4084p  targ=   2.1619n   trig=   2.0015n
 meas_inv_lut_out_buffer_2_trise= 164.7643p  targ= 165.2643p   trig= 500.0000f
 meas_total_tfall= 160.4084p  targ=   2.1619n   trig=   2.0015n
 meas_total_trise= 164.7643p  targ= 165.2643p   trig= 500.0000f
 meas_logic_low_voltage= 165.6029u
 info_node1_lut_tfall=  12.8542p  targ=   2.0144n   trig=   2.0015n
 info_node1_lut_trise=  65.6840p  targ=  66.1840p   trig= 500.0000f
 info_node2_lut_tfall=  18.3430p  targ=   2.0198n   trig=   2.0015n
 info_node2_lut_trise= 104.9571p  targ= 105.4571p   trig= 500.0000f
 info_node3_lut_tfall=  80.3511p  targ=   2.0819n   trig=   2.0015n
 info_node3_lut_trise=  96.9044p  targ=  97.4044p   trig= 500.0000f
 info_node4_lut_tfall=  87.5725p  targ=   2.0891n   trig=   2.0015n
 info_node4_lut_trise= 132.2701p  targ= 132.7701p   trig= 500.0000f
 info_node5_lut_tfall=  96.1139p  targ=   2.0976n   trig=   2.0015n
 info_node5_lut_trise= 189.8359p  targ= 190.3359p   trig= 500.0000f

          ***** job concluded
1****** PrimeSim HSPICE -- T-2022.06-SP1 linux64 (Aug 19 2022 7764626) ******
 ******  
 .title 6-lut

 ****** job statistics summary tnom=  25.000 temp=  25.000 ******
  
 ******  Machine Information  ******
 CPU:
 model name	: 12th Gen Intel(R) Core(TM) i9-12900KS
 cpu MHz	: 5199.816
 CPU(s)		: 24
  
 OS:
 Linux version 3.10.0-1160.80.1.el7.x86_64 (mockbuild@kbuilder.bsys.centos.org) (gcc version 4.8.5 20150623 (Red Hat 4.8.5-44) (GCC) ) #1 SMP Tue Nov 8 15:48:59 UTC 2022

 System loadavg : 1.24 1.17 1.14 3/1095 32402


  ******  PrimeSim HSPICE Threads Information  ******

  Command Line Threads Count :     1
  Available CPU Count        :    24
  Actual Threads Count       :     1


  ******  Circuit Statistics  ******
  # nodes       =     353 # elements   =     191
  # resistors   =      40 # capacitors =      74 # inductors   =       0
  # mutual_inds =       0 # vccs       =       0 # vcvs        =       0
  # cccs        =       0 # ccvs       =       0 # volt_srcs   =       7
  # curr_srcs   =       0 # diodes     =       0 # bjts        =       0
  # jfets       =       0 # mosfets    =      70 # U elements  =       0
  # T elements  =       0 # W elements =       0 # B elements  =       0
  # S elements  =       0 # P elements =       0 # va device   =       0
  # vector_srcs =       0 # N elements =       0


  ******  Runtime Statistics (seconds)  ******

  analysis           time    # points   tot. iter  conv.iter
  op point           0.00           1           7
  transient          0.03        4001         325         116 rev=         2
  readin             0.01
  errchk             0.01
  setup              0.00
  output             0.00


           peak memory used        499.35 megabytes
           total cpu time            0.05 seconds
           total elapsed time        0.34 seconds
           job started at     21:30:53 06/30/2023
           job ended   at     21:30:54 06/30/2023

>info:         ***** hspice job concluded
           job total runtime         0.34 seconds


 lic: Release hspice token(s) 
 lic: total license checkout elapse time:        0.29(s)
