 ****** PrimeSim HSPICE -- T-2022.06-SP1 linux64 (Aug 19 2022 7764626) ******
  Copyright (c) 1986 - 2023 by Synopsys, Inc. All Rights Reserved.
  This software and the associated documentation are proprietary
  to Synopsys, Inc. This software may only be used in accordance
  with the terms and conditions of a written license agreement with
  Synopsys, Inc. All other use, reproduction, or distribution of
  this software is strictly prohibited.
  Input File: rowdecoderstage3.sp                                               
  Command line options: /opt/synopsys/hspice/T-2022.06-SP1/hspice/linux64/hspice rowdecoderstage3.sp
  Start time: Sat Jul  1 17:54:27 2023
 lic:  
 lic: FLEXlm: SDK_12.11.1 
 lic: USER:   yc2367               HOSTNAME: beluga 
 lic: HOSTID: 54802750             PID:      28850 
 lic: Using FLEXlm license file: 
 lic: 27000@flex.ece.cornell.edu 
 lic: Checkout 1 hspice 
 lic: License/Maintenance for hspice will expire on 09-jan-2025/2022.06 
 lic: 1(in_use)/50(total) FLOATING license(s) on SERVER 27000@flex.ece.cornell.edu 
 lic:   
  **info** (rowdecoderstage3.sp:17) DC voltage reset to initial transient source value in source 0:vin. new dc=0.0000D+00
  **warning** (rowdecoderstage3.sp:17) pulse rise time is  < or = zero, reset to tstep
  **warning** (rowdecoderstage3.sp:17) pulse fall time is  < or = zero, reset to tstep
  **warning** (nmos:xloadnand1.x0rowdecoderstage3_nand3.mndown2 (../basic_subcircuits.l:167)) Warning:  Acde = 0.245565 may be too small in BSIM4 model with w=4.5e-08 l=2.2e-08.
  

  **warning** the following singular supplies were terminated to 1 meg resistor 
          supply       node1            node2
(../process_data.l:34)vclmomtjn               0:vclmpmtj         defined in subckt 0                     0:0                defined in subckt 0               
(../process_data.l:29)vsupply                 0:vdd              defined in subckt 0                     0:0                defined in subckt 0               
(../process_data.l:33)vrefmtjn                0:vrefmtj          defined in subckt 0                     0:0                defined in subckt 0               
(../process_data.l:32)vsram                   0:vsram            defined in subckt 0                     0:0                defined in subckt 0               
(../process_data.l:35)vsram_n                 0:vsram_n          defined in subckt 0                     0:0                defined in subckt 0               
      
 **info** set option symb=1 internally to help for convergence.
 *****************************************************************
 ******  option summary
 ******
 runlvl  = 3         bypass  = 2.0000    
 **info** dc convergence successful at Newton-Raphson method 

   *** data name = sweep_data , index =     1 ***

 ******
 .title thirdstage

 ****** transient analysis tnom=  25.000 temp=  25.000 ******
 meaz1_inv_nand3_rowdecoderstage3_1_tfall=  28.2503p  targ= 171.6996p   trig= 143.4493p
 meaz1_inv_nand3_rowdecoderstage3_1_trise=  19.8606p  targ=   2.1155n   trig=   2.0957n
 meaz1_inv_rowdecoderstage3_2_tfall=  23.3126p  targ=   2.1190n   trig=   2.0957n
 meaz1_inv_rowdecoderstage3_2_trise=  35.7937p  targ= 179.2430p   trig= 143.4493p
 meaz1_total_tfall=  23.3126p  targ=   2.1190n   trig=   2.0957n
 meaz1_total_trise=  35.7937p  targ= 179.2430p   trig= 143.4493p
 meaz2_inv_nand3_rowdecoderstage3_1_tfall=  27.0298p  targ= 202.5882p   trig= 175.5583p
 meaz2_inv_nand3_rowdecoderstage3_1_trise=  18.4195p  targ=   2.1254n   trig=   2.1070n
 meaz2_inv_rowdecoderstage3_2_tfall=  22.1155p  targ=   2.1291n   trig=   2.1070n
 meaz2_inv_rowdecoderstage3_2_trise=  34.5206p  targ= 210.0789p   trig= 175.5583p
 meaz2_total_tfall=  22.1155p  targ=   2.1291n   trig=   2.1070n
 meaz2_total_trise=  34.5206p  targ= 210.0789p   trig= 175.5583p
 meas_logic_low_voltage=   0.        
 meaz1_current=  -1.7998f  from=   0.             to=   4.0000n
 meaz1_avg_power= 427.4571n
 meaz2_current=  -1.8026f  from=   0.             to=   4.0000n
 meaz2_avg_power= 428.1267n

          ***** job concluded
1****** PrimeSim HSPICE -- T-2022.06-SP1 linux64 (Aug 19 2022 7764626) ******
 ******  
 .title thirdstage

 ****** job statistics summary tnom=  25.000 temp=  25.000 ******
  
 ******  Machine Information  ******
 CPU:
 model name	: 12th Gen Intel(R) Core(TM) i9-12900KS
 cpu MHz	: 5199.816
 CPU(s)		: 24
  
 OS:
 Linux version 3.10.0-1160.80.1.el7.x86_64 (mockbuild@kbuilder.bsys.centos.org) (gcc version 4.8.5 20150623 (Red Hat 4.8.5-44) (GCC) ) #1 SMP Tue Nov 8 15:48:59 UTC 2022

 System loadavg : 1.23 1.14 1.14 2/1042 28853


  ******  PrimeSim HSPICE Threads Information  ******

  Command Line Threads Count :     1
  Available CPU Count        :    24
  Actual Threads Count       :     1


  ******  Circuit Statistics  ******
  # nodes       =     753 # elements   =     218
  # resistors   =      19 # capacitors =      28 # inductors   =       0
  # mutual_inds =       0 # vccs       =       0 # vcvs        =       0
  # cccs        =       0 # ccvs       =       0 # volt_srcs   =       9
  # curr_srcs   =       0 # diodes     =       0 # bjts        =       0
  # jfets       =       0 # mosfets    =     162 # U elements  =       0
  # T elements  =       0 # W elements =       0 # B elements  =       0
  # S elements  =       0 # P elements =       0 # va device   =       0
  # vector_srcs =       0 # N elements =       0


  ******  Runtime Statistics (seconds)  ******

  analysis           time    # points   tot. iter  conv.iter
  op point           0.01           1          20
  transient          0.09        4001         369         133 rev=         1
  readin             0.01
  errchk             0.01
  setup              0.00
  output             0.00


           peak memory used        500.10 megabytes
           total cpu time            0.12 seconds
           total elapsed time        0.41 seconds
           job started at     17:54:27 07/01/2023
           job ended   at     17:54:28 07/01/2023

>info:         ***** hspice job concluded
           job total runtime         0.41 seconds


 lic: Release hspice token(s) 
 lic: total license checkout elapse time:        0.29(s)
