 ****** PrimeSim HSPICE -- T-2022.06-SP1 linux64 (Aug 19 2022 7764626) ******
  Copyright (c) 1986 - 2023 by Synopsys, Inc. All Rights Reserved.
  This software and the associated documentation are proprietary
  to Synopsys, Inc. This software may only be used in accordance
  with the terms and conditions of a written license agreement with
  Synopsys, Inc. All other use, reproduction, or distribution of
  this software is strictly prohibited.
  Input File: columndecoder.sp                                                  
  Command line options: /opt/synopsys/hspice/T-2022.06-SP1/hspice/linux64/hspice columndecoder.sp
  Start time: Sun Jul  2 03:48:53 2023
 lic:  
 lic: FLEXlm: SDK_12.11.1 
 lic: USER:   yc2367               HOSTNAME: beluga 
 lic: HOSTID: 54802750             PID:      28727 
 lic: Using FLEXlm license file: 
 lic: 27000@flex.ece.cornell.edu 
 lic: Checkout 1 hspice 
 lic: License/Maintenance for hspice will expire on 09-jan-2025/2022.06 
 lic: 1(in_use)/50(total) FLOATING license(s) on SERVER 27000@flex.ece.cornell.edu 
 lic:   
  **info** (columndecoder.sp:17) DC voltage reset to initial transient source value in source 0:vin. new dc=0.0000D+00
  **warning** (columndecoder.sp:17) pulse rise time is  < or = zero, reset to tstep
  **warning** (columndecoder.sp:17) pulse fall time is  < or = zero, reset to tstep
  **warning** (nmos:xtgate5.mntgate (../basic_subcircuits.l:206)) Warning:  Acde = 0.245565 may be too small in BSIM4 model with w=2e-07 l=2.2e-08.
             
 Summary of Linear Res Distribution Info
 ---------------------------------------
 |Range          |Total     |Percent(%)|
 |---------------+----------+----------|
 |1e+00  ~  1e+03|211       |89.7872   |
 |1e+03  ~  1e+05|24        |10.2128   |
 ---------------------------------------
              
             
 Summary of Linear Cap Distribution Info
 ---------------------------------------
 |Range          |Total     |Percent(%)|
 |---------------+----------+----------|
 |1e-17  ~  1e-16|402       |85.5319   |
 |1e-16  ~  1e-15|4         |0.8511    |
 |1e-15  ~  1e-14|64        |13.6170   |
 ---------------------------------------
              
             
 Summary of Detailed RC Type Statistics
 -------------------------
 |Element Type|Number    |
 |------------+----------|
 |Constant Res|235       |
 |            |          |
 |Constant Cap|470       |
 -------------------------
              
  
  **warning** No connections on node n_hang_2; Node ignored.

  **warning** the following singular supplies were terminated to 1 meg resistor 
          supply       node1            node2
(../process_data.l:34)vclmomtjn               0:vclmpmtj         defined in subckt 0                     0:0                defined in subckt 0               
(../process_data.l:33)vrefmtjn                0:vrefmtj          defined in subckt 0                     0:0                defined in subckt 0               
(../process_data.l:35)vsram_n                 0:vsram_n          defined in subckt 0                     0:0                defined in subckt 0               
      
 **info** set option symb=1 internally to help for convergence.
 *****************************************************************
 ******  option summary
 ******
 runlvl  = 3         bypass  = 2.0000    
 **info** dc convergence successful at Newton-Raphson method 

   *** data name = sweep_data , index =     1 ***

 ******
 .title ram column decoder

 ****** transient analysis tnom=  25.000 temp=  25.000 ******
 meas_inv_columndecoder_1_tfall=  16.3153p  targ= 246.2840p   trig= 229.9687p
 meas_inv_columndecoder_1_trise=  16.0377p  targ=   2.2728n   trig=   2.2568n
 meas_inv_columndecoder_2_tfall=  38.1075p  targ=   2.2949n   trig=   2.2568n
 meas_inv_columndecoder_2_trise=  37.6962p  targ= 267.6649p   trig= 229.9687p
 meas_inv_columndecoder_3_tfall= 104.0506p  targ= 334.0193p   trig= 229.9687p
 meas_inv_columndecoder_3_trise= 104.5160p  targ=   2.3613n   trig=   2.2568n
 meas_total_tfall= 125.0728p  targ= 334.0193p   trig= 208.9464p
 meas_total_trise= 122.7285p  targ=   2.3613n   trig=   2.2386n
 meas_logic_low_voltage=   0.        
 meas_current= -50.3475f  from=   0.             to=   4.0000n
 meas_avg_power=  11.9575u

          ***** job concluded
1****** PrimeSim HSPICE -- T-2022.06-SP1 linux64 (Aug 19 2022 7764626) ******
 ******  
 .title ram column decoder

 ****** job statistics summary tnom=  25.000 temp=  25.000 ******
  
 ******  Machine Information  ******
 CPU:
 model name	: 12th Gen Intel(R) Core(TM) i9-12900KS
 cpu MHz	: 5199.816
 CPU(s)		: 24
  
 OS:
 Linux version 3.10.0-1160.80.1.el7.x86_64 (mockbuild@kbuilder.bsys.centos.org) (gcc version 4.8.5 20150623 (Red Hat 4.8.5-44) (GCC) ) #1 SMP Tue Nov 8 15:48:59 UTC 2022

 System loadavg : 0.99 1.06 1.05 2/1041 28742


  ******  PrimeSim HSPICE Threads Information  ******

  Command Line Threads Count :     1
  Available CPU Count        :    24
  Actual Threads Count       :     1


  ******  Circuit Statistics  ******
  # nodes       =    1898 # elements   =    1095
  # resistors   =     241 # capacitors =     470 # inductors   =       0
  # mutual_inds =       0 # vccs       =       0 # vcvs        =       0
  # cccs        =       0 # ccvs       =       0 # volt_srcs   =       8
  # curr_srcs   =       0 # diodes     =       0 # bjts        =       0
  # jfets       =       0 # mosfets    =     376 # U elements  =       0
  # T elements  =       0 # W elements =       0 # B elements  =       0
  # S elements  =       0 # P elements =       0 # va device   =       0
  # vector_srcs =       0 # N elements =       0


  ******  Runtime Statistics (seconds)  ******

  analysis           time    # points   tot. iter  conv.iter
  op point           0.01           1           6
  transient          0.25        5001         508         198 rev=         1
  readin             0.02
  errchk             0.02
  setup              0.02
  output             0.00


           peak memory used        507.75 megabytes
           total cpu time            0.31 seconds
           total elapsed time        0.59 seconds
           job started at     03:48:53 07/02/2023
           job ended   at     03:48:54 07/02/2023

>info:         ***** hspice job concluded
           job total runtime         0.59 seconds


 lic: Release hspice token(s) 
 lic: total license checkout elapse time:        0.28(s)
