 ****** PrimeSim HSPICE -- T-2022.06-SP1 linux64 (Aug 19 2022 7764626) ******
  Copyright (c) 1986 - 2023 by Synopsys, Inc. All Rights Reserved.
  This software and the associated documentation are proprietary
  to Synopsys, Inc. This software may only be used in accordance
  with the terms and conditions of a written license agreement with
  Synopsys, Inc. All other use, reproduction, or distribution of
  this software is strictly prohibited.
  Input File: ram_local_mux.sp                                                  
  Command line options: /opt/synopsys/hspice/T-2022.06-SP1/hspice/linux64/hspice ram_local_mux.sp
  Start time: Fri Jun 30 23:16:10 2023
 lic:  
 lic: FLEXlm: SDK_12.11.1 
 lic: USER:   yc2367               HOSTNAME: beluga 
 lic: HOSTID: 54802750             PID:      24192 
 lic: Using FLEXlm license file: 
 lic: 27000@flex.ece.cornell.edu 
 lic: Checkout 1 hspice 
 lic: License/Maintenance for hspice will expire on 09-jan-2025/2022.06 
 lic: 1(in_use)/50(total) FLOATING license(s) on SERVER 27000@flex.ece.cornell.edu 
 lic:   
  **info** (ram_local_mux.sp:17) DC voltage reset to initial transient source value in source 0:vin. new dc=0.0000D+00
  **warning** (ram_local_mux.sp:17) pulse rise time is  < or = zero, reset to tstep
  **warning** (ram_local_mux.sp:17) pulse fall time is  < or = zero, reset to tstep
  **warning** (nmos:xff.mntran_ff_reset (../subcircuits.l:520)) Warning:  Acde = 0.245565 may be too small in BSIM4 model with w=4.5e-08 l=2.2e-08.
             
 Summary of Linear Res Distribution Info
 ---------------------------------------
 |Range          |Total     |Percent(%)|
 |---------------+----------+----------|
 |1e+00  ~  1e+03|105       |86.7769   |
 |1e+03  ~  1e+05|16        |13.2231   |
 ---------------------------------------
              
             
 Summary of Linear Cap Distribution Info
 ---------------------------------------
 |Range          |Total     |Percent(%)|
 |---------------+----------+----------|
 |1e-17  ~  1e-16|170       |70.2479   |
 |1e-16  ~  1e-15|8         |3.3058    |
 |1e-15  ~  1e-14|64        |26.4463   |
 ---------------------------------------
              
             
 Summary of Detailed RC Type Statistics
 -------------------------
 |Element Type|Number    |
 |------------+----------|
 |Constant Res|121       |
 |            |          |
 |Constant Cap|242       |
 -------------------------
              
  
  **warning** No connections on node n_hang_2; Node ignored.

  **warning** the following singular supplies were terminated to 1 meg resistor 
          supply       node1            node2
(../process_data.l:34)vclmomtjn               0:vclmpmtj         defined in subckt 0                     0:0                defined in subckt 0               
(../process_data.l:30)vsupplylp               0:vdd_lp           defined in subckt 0                     0:0                defined in subckt 0               
(../process_data.l:33)vrefmtjn                0:vrefmtj          defined in subckt 0                     0:0                defined in subckt 0               
      
 **info** set option symb=1 internally to help for convergence.
 *****************************************************************
 ******  option summary
 ******
 runlvl  = 3         bypass  = 2.0000    
 **info** dc convergence successful at Newton-Raphson method 

   *** data name = sweep_data , index =     1 ***

 ******
 .title ram local routing multiplexer

 ****** transient analysis tnom=  25.000 temp=  25.000 ******
 meas_inv_ram_local_mux_1_tfall=  37.1800p  targ= 366.8392p   trig= 329.6592p
 meas_inv_ram_local_mux_1_trise=  37.4000p  targ=   2.3279n   trig=   2.2905n
 meas_total_tfall=  37.1800p  targ= 366.8392p   trig= 329.6592p
 meas_total_trise=  37.4000p  targ=   2.3279n   trig=   2.2905n
 meas_logic_low_voltage=   0.        
 meas_current=  -3.1381f  from=   0.             to=   4.0000n
 meas_avg_power= 627.6287n

          ***** job concluded
1****** PrimeSim HSPICE -- T-2022.06-SP1 linux64 (Aug 19 2022 7764626) ******
 ******  
 .title ram local routing multiplexer

 ****** job statistics summary tnom=  25.000 temp=  25.000 ******
  
 ******  Machine Information  ******
 CPU:
 model name	: 12th Gen Intel(R) Core(TM) i9-12900KS
 cpu MHz	: 5199.816
 CPU(s)		: 24
  
 OS:
 Linux version 3.10.0-1160.80.1.el7.x86_64 (mockbuild@kbuilder.bsys.centos.org) (gcc version 4.8.5 20150623 (Red Hat 4.8.5-44) (GCC) ) #1 SMP Tue Nov 8 15:48:59 UTC 2022

 System loadavg : 1.16 1.11 1.11 2/1041 24196


  ******  PrimeSim HSPICE Threads Information  ******

  Command Line Threads Count :     1
  Available CPU Count        :    24
  Actual Threads Count       :     1


  ******  Circuit Statistics  ******
  # nodes       =     738 # elements   =     522
  # resistors   =     127 # capacitors =     242 # inductors   =       0
  # mutual_inds =       0 # vccs       =       0 # vcvs        =       0
  # cccs        =       0 # ccvs       =       0 # volt_srcs   =       8
  # curr_srcs   =       0 # diodes     =       0 # bjts        =       0
  # jfets       =       0 # mosfets    =     145 # U elements  =       0
  # T elements  =       0 # W elements =       0 # B elements  =       0
  # S elements  =       0 # P elements =       0 # va device   =       0
  # vector_srcs =       0 # N elements =       0


  ******  Runtime Statistics (seconds)  ******

  analysis           time    # points   tot. iter  conv.iter
  op point           0.00           1           7
  transient          0.07        4001         369         132 rev=         2
  readin             0.01
  errchk             0.01
  setup              0.00
  output             0.00


           peak memory used        500.81 megabytes
           total cpu time            0.10 seconds
           total elapsed time        0.37 seconds
           job started at     23:16:10 06/30/2023
           job ended   at     23:16:11 06/30/2023

>info:         ***** hspice job concluded
           job total runtime         0.37 seconds


 lic: Release hspice token(s) 
 lic: total license checkout elapse time:        0.27(s)
