 ****** PrimeSim HSPICE -- T-2022.06-SP1 linux64 (Aug 19 2022 7764626) ******
  Copyright (c) 1986 - 2023 by Synopsys, Inc. All Rights Reserved.
  This software and the associated documentation are proprietary
  to Synopsys, Inc. This software may only be used in accordance
  with the terms and conditions of a written license agreement with
  Synopsys, Inc. All other use, reproduction, or distribution of
  this software is strictly prohibited.
  Input File: xconfigurabledecoderiii.sp                                        
  Command line options: /opt/synopsys/hspice/T-2022.06-SP1/hspice/linux64/hspice xconfigurabledecoderiii.sp
  Start time: Sat Jul  1 17:56:48 2023
 lic:  
 lic: FLEXlm: SDK_12.11.1 
 lic: USER:   yc2367               HOSTNAME: beluga 
 lic: HOSTID: 54802750             PID:      31094 
 lic: Using FLEXlm license file: 
 lic: 27000@flex.ece.cornell.edu 
 lic: Checkout 1 hspice 
 lic: License/Maintenance for hspice will expire on 09-jan-2025/2022.06 
 lic: 1(in_use)/50(total) FLOATING license(s) on SERVER 27000@flex.ece.cornell.edu 
 lic:   
  **info** (xconfigurabledecoderiii.sp:17) DC voltage reset to initial transient source value in source 0:vin. new dc=0.0000D+00
  **warning** (xconfigurabledecoderiii.sp:17) pulse rise time is  < or = zero, reset to tstep
  **warning** (xconfigurabledecoderiii.sp:17) pulse fall time is  < or = zero, reset to tstep
  **warning** (nmos:xtgate36.mntgate (../basic_subcircuits.l:206)) Warning:  Acde = 0.245565 may be too small in BSIM4 model with w=2e-07 l=2.2e-08.
             
 Summary of Linear Res Distribution Info
 ---------------------------------------
 |Range          |Total     |Percent(%)|
 |---------------+----------+----------|
 |1e+00  ~  1e+03|78        |100.0000  |
 ---------------------------------------
              
             
 Summary of Linear Cap Distribution Info
 ---------------------------------------
 |Range          |Total     |Percent(%)|
 |---------------+----------+----------|
 |1e-17  ~  1e-16|28        |17.9487   |
 |1e-16  ~  1e-15|128       |82.0513   |
 ---------------------------------------
              
             
 Summary of Detailed RC Type Statistics
 -------------------------
 |Element Type|Number    |
 |------------+----------|
 |Constant Res|78        |
 |            |          |
 |Constant Cap|156       |
 -------------------------
              
  

  **warning** the following singular supplies were terminated to 1 meg resistor 
          supply       node1            node2
(../process_data.l:34)vclmomtjn               0:vclmpmtj         defined in subckt 0                     0:0                defined in subckt 0               
(../process_data.l:29)vsupply                 0:vdd              defined in subckt 0                     0:0                defined in subckt 0               
(../process_data.l:33)vrefmtjn                0:vrefmtj          defined in subckt 0                     0:0                defined in subckt 0               
(../process_data.l:32)vsram                   0:vsram            defined in subckt 0                     0:0                defined in subckt 0               
(../process_data.l:35)vsram_n                 0:vsram_n          defined in subckt 0                     0:0                defined in subckt 0               
      
 **info** set option symb=1 internally to help for convergence.
 *****************************************************************
 ******  option summary
 ******
 runlvl  = 3         bypass  = 2.0000    
 **info** dc convergence successful at Newton-Raphson method 

   *** data name = sweep_data , index =     1 ***

 ******
 .title last stage of configurable decoder

 ****** transient analysis tnom=  25.000 temp=  25.000 ******
 meaz1_inv_nand2_xconfigurabledecoderiii_1_tfall=  56.8954p  targ= 155.8495p   trig=  98.9541p
 meaz1_inv_nand2_xconfigurabledecoderiii_1_trise=  61.7367p  targ=   2.1258n   trig=   2.0640n
 meaz1_inv_xconfigurabledecoderiii_2_tfall= 127.6743p  targ=   2.1917n   trig=   2.0640n
 meaz1_inv_xconfigurabledecoderiii_2_trise= 130.6409p  targ= 229.5950p   trig=  98.9541p
 meaz1_total_tfall= 151.6643p  targ=   2.2157n   trig=   2.0640n
 meaz1_total_trise= 155.9284p  targ= 254.8826p   trig=  98.9541p
 meaz2_inv_nand2_xconfigurabledecoderiii_1_tfall=  71.9836p  targ= 156.0023p   trig=  84.0187p
 meaz2_inv_nand2_xconfigurabledecoderiii_1_trise=  69.7246p  targ=   2.1352n   trig=   2.0655n
 meaz2_inv_xconfigurabledecoderiii_2_tfall= 136.9302p  targ=   2.2024n   trig=   2.0655n
 meaz2_inv_xconfigurabledecoderiii_2_trise= 148.0281p  targ= 232.0468p   trig=  84.0187p
 meaz2_total_tfall= 160.9380p  targ=   2.2265n   trig=   2.0655n
 meaz2_total_trise= 173.1595p  targ= 257.1782p   trig=  84.0187p
 meas_logic_low_voltage=   0.        
 meaz1_current= -16.3175f  from=   0.             to=   4.0000n
 meaz1_avg_power=   3.8754u
 meaz2_current= -16.3106f  from=   0.             to=   4.0000n
 meaz2_avg_power=   3.8738u

          ***** job concluded
1****** PrimeSim HSPICE -- T-2022.06-SP1 linux64 (Aug 19 2022 7764626) ******
 ******  
 .title last stage of configurable decoder

 ****** job statistics summary tnom=  25.000 temp=  25.000 ******
  
 ******  Machine Information  ******
 CPU:
 model name	: 12th Gen Intel(R) Core(TM) i9-12900KS
 cpu MHz	: 5199.816
 CPU(s)		: 24
  
 OS:
 Linux version 3.10.0-1160.80.1.el7.x86_64 (mockbuild@kbuilder.bsys.centos.org) (gcc version 4.8.5 20150623 (Red Hat 4.8.5-44) (GCC) ) #1 SMP Tue Nov 8 15:48:59 UTC 2022

 System loadavg : 1.04 1.09 1.12 2/1043 31097


  ******  PrimeSim HSPICE Threads Information  ******

  Command Line Threads Count :     1
  Available CPU Count        :    24
  Actual Threads Count       :     1


  ******  Circuit Statistics  ******
  # nodes       =     491 # elements   =     338
  # resistors   =      83 # capacitors =     156 # inductors   =       0
  # mutual_inds =       0 # vccs       =       0 # vcvs        =       0
  # cccs        =       0 # ccvs       =       0 # volt_srcs   =       9
  # curr_srcs   =       0 # diodes     =       0 # bjts        =       0
  # jfets       =       0 # mosfets    =      90 # U elements  =       0
  # T elements  =       0 # W elements =       0 # B elements  =       0
  # S elements  =       0 # P elements =       0 # va device   =       0
  # vector_srcs =       0 # N elements =       0


  ******  Runtime Statistics (seconds)  ******

  analysis           time    # points   tot. iter  conv.iter
  op point           0.00           1          20
  transient          0.04        4001         288         107 rev=         2
  readin             0.01
  errchk             0.01
  setup              0.00
  output             0.00


           peak memory used        499.62 megabytes
           total cpu time            0.07 seconds
           total elapsed time        0.35 seconds
           job started at     17:56:48 07/01/2023
           job ended   at     17:56:48 07/01/2023

>info:         ***** hspice job concluded
           job total runtime         0.35 seconds


 lic: Release hspice token(s) 
 lic: total license checkout elapse time:        0.28(s)
