 ****** PrimeSim HSPICE -- T-2022.06-SP1 linux64 (Aug 19 2022 7764626) ******
  Copyright (c) 1986 - 2023 by Synopsys, Inc. All Rights Reserved.
  This software and the associated documentation are proprietary
  to Synopsys, Inc. This software may only be used in accordance
  with the terms and conditions of a written license agreement with
  Synopsys, Inc. All other use, reproduction, or distribution of
  this software is strictly prohibited.
  Input File: sb_mux.sp                                                         
  Command line options: /opt/synopsys/hspice/T-2022.06-SP1/hspice/linux64/hspice sb_mux.sp
  Start time: Fri Jul  7 08:18:19 2023
 lic:  
 lic: FLEXlm: SDK_12.11.1 
 lic: USER:   yc2367               HOSTNAME: beluga 
 lic: HOSTID: 54802750             PID:      27779 
 lic: Using FLEXlm license file: 
 lic: 27000@flex.ece.cornell.edu 
 lic: Checkout 1 hspice 
 lic: License/Maintenance for hspice will expire on 09-jan-2025/2022.06 
 lic: 1(in_use)/50(total) FLOATING license(s) on SERVER 27000@flex.ece.cornell.edu 
 lic:   
  **info** (sb_mux.sp:17) DC voltage reset to initial transient source value in source 0:vin. new dc=0.0000D+00
  **warning** (sb_mux.sp:17) pulse rise time is  < or = zero, reset to tstep
  **warning** (sb_mux.sp:17) pulse fall time is  < or = zero, reset to tstep
  **warning** (nmos:xsb_mux_on_1.xsb_mux_on_mux_only.xptran_sb_mux_l1.mnpass (../basic_subcircuits.l:19)) Warning:  Acde = 0.245565 may be too small in BSIM4 model with w=2.25e-07 l=2.2e-08.
             
 Summary of Linear Res Distribution Info
 ---------------------------------------
 |Range          |Total     |Percent(%)|
 |---------------+----------+----------|
 |1e+00  ~  1e+03|95        |66.4336   |
 |1e+03  ~  1e+05|48        |33.5664   |
 ---------------------------------------
              
             
 Summary of Linear Cap Distribution Info
 ---------------------------------------
 |Range          |Total     |Percent(%)|
 |---------------+----------+----------|
 |1e-17  ~  1e-16|146       |51.0490   |
 |1e-16  ~  1e-15|12        |4.1958    |
 |1e-15  ~  1e-14|128       |44.7552   |
 ---------------------------------------
              
             
 Summary of Detailed RC Type Statistics
 -------------------------
 |Element Type|Number    |
 |------------+----------|
 |Constant Res|143       |
 |            |          |
 |Constant Cap|286       |
 -------------------------
              
  
  **warning** No connections on node n_hang_2; Node ignored.

  **warning** the following singular supplies were terminated to 1 meg resistor 
          supply       node1            node2
(../process_data.l:34)vclmomtjn               0:vclmpmtj         defined in subckt 0                     0:0                defined in subckt 0               
(../process_data.l:30)vsupplylp               0:vdd_lp           defined in subckt 0                     0:0                defined in subckt 0               
(../process_data.l:33)vrefmtjn                0:vrefmtj          defined in subckt 0                     0:0                defined in subckt 0               
(../process_data.l:35)vsram_n                 0:vsram_n          defined in subckt 0                     0:0                defined in subckt 0               
      
 *****************************************************************
 ******  option summary
 ******
 runlvl  = 3         bypass  = 2.0000    
 no convergence with standard algorithm,  trying damped pseudo-transient

  *** pseudo tran succeeded *** 

   *** data name = sweep_data , index =     1 ***

 ******
 .title switch block multiplexer

 ****** transient analysis tnom=  25.000 temp=  25.000 ******
 meas_inv_sb_mux_1_tfall=  62.9266p  targ= 239.0117p   trig= 176.0851p
 meas_inv_sb_mux_1_trise=  62.9113p  targ=   2.1992n   trig=   2.1362n
 meas_inv_sb_mux_2_tfall= 189.9696p  targ=   2.3262n   trig=   2.1362n
 meas_inv_sb_mux_2_trise= 188.1205p  targ= 364.2056p   trig= 176.0851p
 meas_total_tfall= 189.9696p  targ=   2.3262n   trig=   2.1362n
 meas_total_trise= 188.1205p  targ= 364.2056p   trig= 176.0851p
 meas_logic_low_voltage=  93.3500u
 meas_current=-155.6032f  from=   0.             to=   4.0000n
 meas_avg_power=  31.1206u

          ***** job concluded
1****** PrimeSim HSPICE -- T-2022.06-SP1 linux64 (Aug 19 2022 7764626) ******
 ******  
 .title switch block multiplexer

 ****** job statistics summary tnom=  25.000 temp=  25.000 ******
  
 ******  Machine Information  ******
 CPU:
 model name	: 12th Gen Intel(R) Core(TM) i9-12900KS
 cpu MHz	: 5199.816
 CPU(s)		: 24
  
 OS:
 Linux version 3.10.0-1160.80.1.el7.x86_64 (mockbuild@kbuilder.bsys.centos.org) (gcc version 4.8.5 20150623 (Red Hat 4.8.5-44) (GCC) ) #1 SMP Tue Nov 8 15:48:59 UTC 2022

 System loadavg : 1.14 1.11 1.08 2/905 27783


  ******  PrimeSim HSPICE Threads Information  ******

  Command Line Threads Count :     1
  Available CPU Count        :    24
  Actual Threads Count       :     1


  ******  Circuit Statistics  ******
  # nodes       =     774 # elements   =     595
  # resistors   =     153 # capacitors =     286 # inductors   =       0
  # mutual_inds =       0 # vccs       =       0 # vcvs        =       0
  # cccs        =       0 # ccvs       =       0 # volt_srcs   =       8
  # curr_srcs   =       0 # diodes     =       0 # bjts        =       0
  # jfets       =       0 # mosfets    =     148 # U elements  =       0
  # T elements  =       0 # W elements =       0 # B elements  =       0
  # S elements  =       0 # P elements =       0 # va device   =       0
  # vector_srcs =       0 # N elements =       0


  ******  Runtime Statistics (seconds)  ******

  analysis           time    # points   tot. iter  conv.iter
  op point           0.11           1         393
  transient          0.08        8001         402         149 rev=         2
  readin             0.01
  errchk             0.01
  setup              0.00
  output             0.00


           peak memory used        500.81 megabytes
           total cpu time            0.22 seconds
           total elapsed time        0.50 seconds
           job started at     08:18:19 07/07/2023
           job ended   at     08:18:20 07/07/2023

>info:         ***** hspice job concluded
           job total runtime         0.50 seconds


 lic: Release hspice token(s) 
 lic: total license checkout elapse time:        0.28(s)
